<?xml version="1.0" encoding="UTF-8"?>
<testng-results ignored="0" total="1" passed="1" failed="0" skipped="0">
  <reporter-output>
  </reporter-output>
  <suite started-at="2023-06-29T19:39:54 IST" name="Default suite" finished-at="2023-06-29T19:39:55 IST" duration-ms="1510">
    <groups>
    </groups>
    <test started-at="2023-06-29T19:39:54 IST" name="Default test" finished-at="2023-06-29T19:39:55 IST" duration-ms="1510">
      <class name="ApiTests.SerializiationTests">
        <test-method is-config="true" signature="baseTest()[pri:0, instance:ApiTests.SerializiationTests@1c7696c6]" started-at="2023-06-29T19:39:54 IST" name="baseTest" finished-at="2023-06-29T19:39:54 IST" duration-ms="364" status="PASS">
          <reporter-output>
          </reporter-output>
        </test-method> <!-- baseTest -->
        <test-method signature="SerTest()[pri:0, instance:ApiTests.SerializiationTests@1c7696c6]" started-at="2023-06-29T19:39:54 IST" name="SerTest" finished-at="2023-06-29T19:39:55 IST" duration-ms="1121" status="PASS">
          <reporter-output>
          </reporter-output>
        </test-method> <!-- SerTest -->
      </class> <!-- ApiTests.SerializiationTests -->
    </test> <!-- Default test -->
  </suite> <!-- Default suite -->
</testng-results>
